  main.cpp
C:\Users\capta\source\repos\Commando\src\Sprite.h(64,26): warning C4244: '=': conversion from 'float' to 'int', possible loss of data
C:\Users\capta\source\repos\Commando\src\Sprite.h(65,26): warning C4244: '=': conversion from 'float' to 'int', possible loss of data
C:\Users\capta\source\repos\Commando\src\Sprite.h(78,27): warning C4244: '=': conversion from 'const float' to 'int', possible loss of data
C:\Users\capta\source\repos\Commando\src\Sprite.h(79,27): warning C4244: '=': conversion from 'const float' to 'int', possible loss of data
C:\Users\capta\source\repos\Commando\src\Sprite.h(86,25): warning C4838: conversion from 'const int' to 'float' requires a narrowing conversion
C:\Users\capta\source\repos\Commando\src\Sprite.h(86,25): warning C4244: 'initializing': conversion from 'const int' to 'float', possible loss of data
C:\Users\capta\source\repos\Commando\src\Sprite.h(86,31): warning C4838: conversion from 'const int' to 'float' requires a narrowing conversion
C:\Users\capta\source\repos\Commando\src\Sprite.h(86,31): warning C4244: 'initializing': conversion from 'const int' to 'float', possible loss of data
C:\Users\capta\source\repos\Commando\src\Sprite.h(93,25): warning C4838: conversion from 'int' to 'float' requires a narrowing conversion
C:\Users\capta\source\repos\Commando\src\Sprite.h(93,25): warning C4244: 'initializing': conversion from 'int' to 'float', possible loss of data
C:\Users\capta\source\repos\Commando\src\Sprite.h(93,31): warning C4838: conversion from 'int' to 'float' requires a narrowing conversion
C:\Users\capta\source\repos\Commando\src\Sprite.h(93,31): warning C4244: 'initializing': conversion from 'int' to 'float', possible loss of data
C:\Users\capta\source\repos\Commando\src\Sprite.h(103,19): warning C4244: '=': conversion from 'float' to 'int', possible loss of data
C:\Users\capta\source\repos\Commando\src\Sprite.h(104,19): warning C4244: '=': conversion from 'float' to 'int', possible loss of data
C:\Users\capta\source\repos\Commando\src\Player.h(31,51): warning C4244: '+=': conversion from 'double' to 'float', possible loss of data
C:\Users\capta\source\repos\Commando\src\Collision.h(23,13): warning C4101: 'maxAy': unreferenced local variable
C:\Users\capta\source\repos\Commando\src\Collision.h(23,20): warning C4101: 'minBy': unreferenced local variable
C:\Users\capta\source\repos\Commando\src\Collision.h(22,6): warning C4101: 'minAx': unreferenced local variable
C:\Users\capta\source\repos\Commando\src\Collision.h(22,27): warning C4101: 'maxBx': unreferenced local variable
C:\Users\capta\source\repos\Commando\src\Collision.h(22,13): warning C4101: 'maxAx': unreferenced local variable
C:\Users\capta\source\repos\Commando\src\Collision.h(23,6): warning C4101: 'minAy': unreferenced local variable
C:\Users\capta\source\repos\Commando\src\Collision.h(23,27): warning C4101: 'maxBy': unreferenced local variable
C:\Users\capta\source\repos\Commando\src\Collision.h(22,20): warning C4101: 'minBx': unreferenced local variable
C:\Users\capta\source\repos\Commando\src\main.cpp(286,47): warning C4244: 'initializing': conversion from 'float' to 'int', possible loss of data
C:\Users\capta\source\repos\Commando\src\main.cpp(286,31): warning C4244: 'initializing': conversion from 'float' to 'const int', possible loss of data
C:\Users\capta\source\repos\Commando\src\main.cpp(289,31): warning C4244: '=': conversion from 'const int' to 'float', possible loss of data
C:\Users\capta\source\repos\Commando\src\main.cpp(303,48): warning C4244: 'initializing': conversion from 'float' to 'int', possible loss of data
C:\Users\capta\source\repos\Commando\src\main.cpp(303,33): warning C4244: 'initializing': conversion from 'float' to 'const int', possible loss of data
C:\Users\capta\source\repos\Commando\src\main.cpp(306,31): warning C4244: '=': conversion from 'const int' to 'float', possible loss of data
C:\Users\capta\source\repos\Commando\src\main.cpp(388,16): warning C4244: 'initializing': conversion from 'float' to 'int', possible loss of data
C:\Users\capta\source\repos\Commando\src\main.cpp(389,17): warning C4244: 'initializing': conversion from 'float' to 'int', possible loss of data
C:\Users\capta\source\repos\Commando\src\main.cpp(554,20): warning C4018: '<': signed/unsigned mismatch
C:\Users\capta\source\repos\Commando\src\main.cpp(560,20): warning C4018: '<': signed/unsigned mismatch
C:\Users\capta\source\repos\Commando\src\main.cpp(566,20): warning C4018: '<': signed/unsigned mismatch
C:\Users\capta\source\repos\Commando\src\main.cpp(594,26): warning C4305: '+=': truncation from 'double' to 'float'
C:\Users\capta\source\repos\Commando\src\main.cpp(630,21): warning C4018: '<': signed/unsigned mismatch
C:\Users\capta\source\repos\Commando\src\main.cpp(636,21): warning C4018: '<': signed/unsigned mismatch
C:\Users\capta\source\repos\Commando\src\main.cpp(641,21): warning C4018: '<': signed/unsigned mismatch
C:\Users\capta\source\repos\Commando\src\main.cpp(658,58): warning C4838: conversion from 'double' to 'float' requires a narrowing conversion
C:\Users\capta\source\repos\Commando\src\main.cpp(658,58): warning C4244: 'initializing': conversion from 'double' to 'float', possible loss of data
C:\Users\capta\source\repos\Commando\src\main.cpp(659,58): warning C4838: conversion from 'double' to 'float' requires a narrowing conversion
C:\Users\capta\source\repos\Commando\src\main.cpp(659,58): warning C4244: 'initializing': conversion from 'double' to 'float', possible loss of data
  LINK : C:\Users\capta\source\repos\Commando\bin\Debug\Template.exe not found or not built by the last incremental link; performing full link
  Template.vcxproj -> C:\Users\capta\source\repos\Commando\bin\Debug\Template.exe
